<?xml version="1.0" encoding="UTF-8"?>
<!-- Generated by org.testng.reporters.JUnitReportReporter -->
<testsuite hostname="DESKTOP-FGJNKGS" failures="0" tests="1" name="Tasecases.verifytest" time="16.342" errors="0" timestamp="2022-12-13T13:18:20 MST" skipped="0">
  <testcase classname="Tasecases.verifytest" name="login" time="16.342"/>
  <system-out/>
</testsuite> <!-- Tasecases.verifytest -->
